+ cc kern/init/init.c
gcc -Ikern/init/ -fno-builtin -fno-PIC -Wall -ggdb -m32 -gstabs -nostdinc  -fno-stack-protector -Ilibs/ -Ikern/debug/ -Ikern/driver/ -Ikern/trap/ -Ikern/mm/ -c kern/init/init.c -o obj/kern/init/init.o
kern/init/init.c:95:1: warning: ‘lab1_switch_test’ defined but not used [-Wunused-function]
 lab1_switch_test(void) {
 ^
+ cc kern/libs/stdio.c
gcc -Ikern/libs/ -fno-builtin -fno-PIC -Wall -ggdb -m32 -gstabs -nostdinc  -fno-stack-protector -Ilibs/ -Ikern/debug/ -Ikern/driver/ -Ikern/trap/ -Ikern/mm/ -c kern/libs/stdio.c -o obj/kern/libs/stdio.o
+ cc kern/libs/readline.c
gcc -Ikern/libs/ -fno-builtin -fno-PIC -Wall -ggdb -m32 -gstabs -nostdinc  -fno-stack-protector -Ilibs/ -Ikern/debug/ -Ikern/driver/ -Ikern/trap/ -Ikern/mm/ -c kern/libs/readline.c -o obj/kern/libs/readline.o
+ cc kern/debug/panic.c
gcc -Ikern/debug/ -fno-builtin -fno-PIC -Wall -ggdb -m32 -gstabs -nostdinc  -fno-stack-protector -Ilibs/ -Ikern/debug/ -Ikern/driver/ -Ikern/trap/ -Ikern/mm/ -c kern/debug/panic.c -o obj/kern/debug/panic.o
kern/debug/panic.c: In function ‘__panic’:
kern/debug/panic.c:27:5: warning: implicit declaration of function ‘print_stackframe’ [-Wimplicit-function-declaration]
     print_stackframe();
     ^
+ cc kern/debug/kdebug.c
gcc -Ikern/debug/ -fno-builtin -fno-PIC -Wall -ggdb -m32 -gstabs -nostdinc  -fno-stack-protector -Ilibs/ -Ikern/debug/ -Ikern/driver/ -Ikern/trap/ -Ikern/mm/ -c kern/debug/kdebug.c -o obj/kern/debug/kdebug.o
kern/debug/kdebug.c:251:1: warning: ‘read_eip’ defined but not used [-Wunused-function]
 read_eip(void) {
 ^
+ cc kern/debug/kmonitor.c
gcc -Ikern/debug/ -fno-builtin -fno-PIC -Wall -ggdb -m32 -gstabs -nostdinc  -fno-stack-protector -Ilibs/ -Ikern/debug/ -Ikern/driver/ -Ikern/trap/ -Ikern/mm/ -c kern/debug/kmonitor.c -o obj/kern/debug/kmonitor.o
+ cc kern/driver/clock.c
gcc -Ikern/driver/ -fno-builtin -fno-PIC -Wall -ggdb -m32 -gstabs -nostdinc  -fno-stack-protector -Ilibs/ -Ikern/debug/ -Ikern/driver/ -Ikern/trap/ -Ikern/mm/ -c kern/driver/clock.c -o obj/kern/driver/clock.o
+ cc kern/driver/console.c
gcc -Ikern/driver/ -fno-builtin -fno-PIC -Wall -ggdb -m32 -gstabs -nostdinc  -fno-stack-protector -Ilibs/ -Ikern/debug/ -Ikern/driver/ -Ikern/trap/ -Ikern/mm/ -c kern/driver/console.c -o obj/kern/driver/console.o
+ cc kern/driver/picirq.c
gcc -Ikern/driver/ -fno-builtin -fno-PIC -Wall -ggdb -m32 -gstabs -nostdinc  -fno-stack-protector -Ilibs/ -Ikern/debug/ -Ikern/driver/ -Ikern/trap/ -Ikern/mm/ -c kern/driver/picirq.c -o obj/kern/driver/picirq.o
+ cc kern/driver/intr.c
gcc -Ikern/driver/ -fno-builtin -fno-PIC -Wall -ggdb -m32 -gstabs -nostdinc  -fno-stack-protector -Ilibs/ -Ikern/debug/ -Ikern/driver/ -Ikern/trap/ -Ikern/mm/ -c kern/driver/intr.c -o obj/kern/driver/intr.o
+ cc kern/trap/trap.c
gcc -Ikern/trap/ -fno-builtin -fno-PIC -Wall -ggdb -m32 -gstabs -nostdinc  -fno-stack-protector -Ilibs/ -Ikern/debug/ -Ikern/driver/ -Ikern/trap/ -Ikern/mm/ -c kern/trap/trap.c -o obj/kern/trap/trap.o
kern/trap/trap.c:14:13: warning: ‘print_ticks’ defined but not used [-Wunused-function]
 static void print_ticks() {
             ^
kern/trap/trap.c:30:26: warning: ‘idt_pd’ defined but not used [-Wunused-variable]
 static struct pseudodesc idt_pd = {
                          ^
+ cc kern/trap/vectors.S
gcc -Ikern/trap/ -fno-builtin -fno-PIC -Wall -ggdb -m32 -gstabs -nostdinc  -fno-stack-protector -Ilibs/ -Ikern/debug/ -Ikern/driver/ -Ikern/trap/ -Ikern/mm/ -c kern/trap/vectors.S -o obj/kern/trap/vectors.o
+ cc kern/trap/trapentry.S
gcc -Ikern/trap/ -fno-builtin -fno-PIC -Wall -ggdb -m32 -gstabs -nostdinc  -fno-stack-protector -Ilibs/ -Ikern/debug/ -Ikern/driver/ -Ikern/trap/ -Ikern/mm/ -c kern/trap/trapentry.S -o obj/kern/trap/trapentry.o
+ cc kern/mm/pmm.c
gcc -Ikern/mm/ -fno-builtin -fno-PIC -Wall -ggdb -m32 -gstabs -nostdinc  -fno-stack-protector -Ilibs/ -Ikern/debug/ -Ikern/driver/ -Ikern/trap/ -Ikern/mm/ -c kern/mm/pmm.c -o obj/kern/mm/pmm.o
+ cc libs/string.c
gcc -Ilibs/ -fno-builtin -fno-PIC -Wall -ggdb -m32 -gstabs -nostdinc  -fno-stack-protector -Ilibs/  -c libs/string.c -o obj/libs/string.o
+ cc libs/printfmt.c
gcc -Ilibs/ -fno-builtin -fno-PIC -Wall -ggdb -m32 -gstabs -nostdinc  -fno-stack-protector -Ilibs/  -c libs/printfmt.c -o obj/libs/printfmt.o
+ ld bin/kernel
ld -m    elf_i386 -nostdlib -T tools/kernel.ld -o bin/kernel  obj/kern/init/init.o obj/kern/libs/stdio.o obj/kern/libs/readline.o obj/kern/debug/panic.o obj/kern/debug/kdebug.o obj/kern/debug/kmonitor.o obj/kern/driver/clock.o obj/kern/driver/console.o obj/kern/driver/picirq.o obj/kern/driver/intr.o obj/kern/trap/trap.o obj/kern/trap/vectors.o obj/kern/trap/trapentry.o obj/kern/mm/pmm.o  obj/libs/string.o obj/libs/printfmt.o
+ cc boot/bootasm.S
gcc -Iboot/ -fno-builtin -fno-PIC -Wall -ggdb -m32 -gstabs -nostdinc  -fno-stack-protector -Ilibs/ -Os -nostdinc -c boot/bootasm.S -o obj/boot/bootasm.o
+ cc boot/bootmain.c
gcc -Iboot/ -fno-builtin -fno-PIC -Wall -ggdb -m32 -gstabs -nostdinc  -fno-stack-protector -Ilibs/ -Os -nostdinc -c boot/bootmain.c -o obj/boot/bootmain.o
+ cc tools/sign.c
gcc -Itools/ -g -Wall -O2 -c tools/sign.c -o obj/sign/tools/sign.o
gcc -g -Wall -O2 obj/sign/tools/sign.o -o bin/sign
+ ld bin/bootblock
ld -m    elf_i386 -nostdlib -N -e start -Ttext 0x7C00 obj/boot/bootasm.o obj/boot/bootmain.o -o obj/bootblock.o
'obj/bootblock.out' size: 488 bytes
build 512 bytes boot sector: 'bin/bootblock' success!
dd if=/dev/zero of=bin/ucore.img count=10000
记录了10000+0 的读入
记录了10000+0 的写出
5120000 bytes (5.1 MB, 4.9 MiB) copied, 0.0148169 s, 346 MB/s
dd if=bin/bootblock of=bin/ucore.img conv=notrunc
记录了1+0 的读入
记录了1+0 的写出
512 bytes copied, 6.6863e-05 s, 7.7 MB/s
dd if=bin/kernel of=bin/ucore.img seek=1 conv=notrunc
记录了146+1 的读入
记录了146+1 的写出
74820 bytes (75 kB, 73 KiB) copied, 0.000239075 s, 313 MB/s
